{
  "stats": {
    "suites": 1,
    "tests": 3,
    "passes": 3,
    "pending": 0,
    "failures": 0,
    "start": "2021-07-29T20:17:41.539Z",
    "end": "2021-07-29T20:18:51.502Z",
    "duration": 69963,
    "testsRegistered": 3,
    "passPercent": 100,
    "pendingPercent": 0,
    "other": 0,
    "hasOther": false,
    "skipped": 0,
    "hasSkipped": false
  },
  "results": [
    {
      "uuid": "508060c0-7f4c-4344-956b-fccfa741a3b1",
      "title": "",
      "fullFile": "cypress/integration/features/login.feature",
      "file": "cypress/integration/features/login.feature",
      "beforeHooks": [],
      "afterHooks": [],
      "tests": [],
      "suites": [
        {
          "uuid": "80a8d46a-e392-44c4-bc5b-dcfee498044f",
          "title": "Iniciar Sesion HomePage",
          "fullFile": "",
          "file": "",
          "beforeHooks": [],
          "afterHooks": [],
          "tests": [
            {
              "title": "Iniciar sesión con Credenciales valida",
              "fullTitle": "Iniciar Sesion HomePage Iniciar sesión con Credenciales valida",
              "timedOut": null,
              "duration": 37626,
              "state": "passed",
              "speed": "slow",
              "pass": true,
              "fail": false,
              "pending": false,
              "context": null,
              "code": "const state = window.testState;\nreturn cy\n  .then(() => state.onStartScenario(scenario, indexedSteps))\n  .then(() =>\n    resolveAndRunBeforeHooks.call(this, scenario.tags, state.feature.name)\n  )\n  .then(() =>\n    indexedSteps.forEach((step) =>\n      stepTest.call(this, state, step, rowData)\n    )\n  )\n  .then(() =>\n    resolveAndRunAfterHooks.call(this, scenario.tags, state.feature.name)\n  )\n  .then(() => state.onFinishScenario(scenario));",
              "err": {},
              "uuid": "ed804865-7505-4deb-9c21-8461bde47b45",
              "parentUUID": "80a8d46a-e392-44c4-bc5b-dcfee498044f",
              "isHook": false,
              "skipped": false
            },
            {
              "title": "Iniciar sesión con Credenciales invalida",
              "fullTitle": "Iniciar Sesion HomePage Iniciar sesión con Credenciales invalida",
              "timedOut": null,
              "duration": 11786,
              "state": "passed",
              "speed": "slow",
              "pass": true,
              "fail": false,
              "pending": false,
              "context": null,
              "code": "const state = window.testState;\nreturn cy\n  .then(() => state.onStartScenario(scenario, indexedSteps))\n  .then(() =>\n    resolveAndRunBeforeHooks.call(this, scenario.tags, state.feature.name)\n  )\n  .then(() =>\n    indexedSteps.forEach((step) =>\n      stepTest.call(this, state, step, rowData)\n    )\n  )\n  .then(() =>\n    resolveAndRunAfterHooks.call(this, scenario.tags, state.feature.name)\n  )\n  .then(() => state.onFinishScenario(scenario));",
              "err": {},
              "uuid": "1178e030-d298-42cb-a3aa-f0cb8d104689",
              "parentUUID": "80a8d46a-e392-44c4-bc5b-dcfee498044f",
              "isHook": false,
              "skipped": false
            },
            {
              "title": "Recuperar contraseña",
              "fullTitle": "Iniciar Sesion HomePage Recuperar contraseña",
              "timedOut": null,
              "duration": 7362,
              "state": "passed",
              "speed": "slow",
              "pass": true,
              "fail": false,
              "pending": false,
              "context": null,
              "code": "const state = window.testState;\nreturn cy\n  .then(() => state.onStartScenario(scenario, indexedSteps))\n  .then(() =>\n    resolveAndRunBeforeHooks.call(this, scenario.tags, state.feature.name)\n  )\n  .then(() =>\n    indexedSteps.forEach((step) =>\n      stepTest.call(this, state, step, rowData)\n    )\n  )\n  .then(() =>\n    resolveAndRunAfterHooks.call(this, scenario.tags, state.feature.name)\n  )\n  .then(() => state.onFinishScenario(scenario));",
              "err": {},
              "uuid": "653e2127-bc8a-4f94-a778-b891891efdc4",
              "parentUUID": "80a8d46a-e392-44c4-bc5b-dcfee498044f",
              "isHook": false,
              "skipped": false
            }
          ],
          "suites": [],
          "passes": [
            "ed804865-7505-4deb-9c21-8461bde47b45",
            "1178e030-d298-42cb-a3aa-f0cb8d104689",
            "653e2127-bc8a-4f94-a778-b891891efdc4"
          ],
          "failures": [],
          "pending": [],
          "skipped": [],
          "duration": 56774,
          "root": false,
          "rootEmpty": false,
          "_timeout": 2000
        }
      ],
      "passes": [],
      "failures": [],
      "pending": [],
      "skipped": [],
      "duration": 0,
      "root": true,
      "rootEmpty": true,
      "_timeout": 2000
    }
  ],
  "meta": {
    "mocha": {
      "version": "7.0.1"
    },
    "mochawesome": {
      "options": {
        "quiet": false,
        "reportFilename": "mochawesome",
        "saveHtml": false,
        "saveJson": true,
        "consoleReporter": "spec",
        "useInlineDiffs": false,
        "code": true
      },
      "version": "6.2.2"
    },
    "marge": {
      "options": {
        "reportDir": "cypress/results",
        "overwrite": true,
        "html": false,
        "json": true
      },
      "version": "5.2.0"
    }
  }
}